2021-10-14 09:29:26.978  INFO 8620 --- [restartedMain] com.cg.sprint.school.administration.App  : Starting App using Java 16.0.2 on DESKTOP-KBJ2U8T with PID 8620 (C:\Users\Manjushree S\Spring Tool Suite\com-cg-sprint-school-administration-main\com-cg-sprint-school-administration\target\classes started by Manjushree S in C:\Users\Manjushree S\Spring Tool Suite\com-cg-sprint-school-administration-main\com-cg-sprint-school-administration)
2021-10-14 09:29:26.983  INFO 8620 --- [restartedMain] com.cg.sprint.school.administration.App  : No active profile set, falling back to default profiles: default
2021-10-14 09:29:27.085  INFO 8620 --- [restartedMain] .e.DevToolsPropertyDefaultsPostProcessor : Devtools property defaults active! Set 'spring.devtools.add-properties' to 'false' to disable
2021-10-14 09:29:27.085  INFO 8620 --- [restartedMain] .e.DevToolsPropertyDefaultsPostProcessor : For additional web related logging consider setting the 'logging.level.web' property to 'DEBUG'
2021-10-14 09:29:29.525  INFO 8620 --- [restartedMain] .s.d.r.c.RepositoryConfigurationDelegate : Bootstrapping Spring Data JPA repositories in DEFAULT mode.
2021-10-14 09:29:29.647  INFO 8620 --- [restartedMain] .s.d.r.c.RepositoryConfigurationDelegate : Finished Spring Data repository scanning in 111 ms. Found 8 JPA repository interfaces.
2021-10-14 09:29:31.144  INFO 8620 --- [restartedMain] o.s.b.w.embedded.tomcat.TomcatWebServer  : Tomcat initialized with port(s): 8082 (http)
2021-10-14 09:29:31.176  INFO 8620 --- [restartedMain] o.apache.catalina.core.StandardService   : Starting service [Tomcat]
2021-10-14 09:29:31.177  INFO 8620 --- [restartedMain] org.apache.catalina.core.StandardEngine  : Starting Servlet engine: [Apache Tomcat/9.0.52]
2021-10-14 09:29:31.305  INFO 8620 --- [restartedMain] o.a.c.c.C.[Tomcat].[localhost].[/]       : Initializing Spring embedded WebApplicationContext
2021-10-14 09:29:31.306  INFO 8620 --- [restartedMain] w.s.c.ServletWebServerApplicationContext : Root WebApplicationContext: initialization completed in 4220 ms
2021-10-14 09:29:32.090  INFO 8620 --- [restartedMain] o.hibernate.jpa.internal.util.LogHelper  : HHH000204: Processing PersistenceUnitInfo [name: default]
2021-10-14 09:29:32.319  INFO 8620 --- [restartedMain] org.hibernate.Version                    : HHH000412: Hibernate ORM core version 5.4.32.Final
2021-10-14 09:29:32.956  INFO 8620 --- [restartedMain] o.hibernate.annotations.common.Version   : HCANN000001: Hibernate Commons Annotations {5.1.2.Final}
2021-10-14 09:29:33.172  INFO 8620 --- [restartedMain] com.zaxxer.hikari.HikariDataSource       : HikariPool-1 - Starting...
2021-10-14 09:29:33.594  INFO 8620 --- [restartedMain] com.zaxxer.hikari.HikariDataSource       : HikariPool-1 - Start completed.
2021-10-14 09:29:33.713  INFO 8620 --- [restartedMain] org.hibernate.dialect.Dialect            : HHH000400: Using dialect: org.hibernate.dialect.PostgreSQLDialect
2021-10-14 09:29:37.023  INFO 8620 --- [restartedMain] o.h.e.t.j.p.i.JtaPlatformInitiator       : HHH000490: Using JtaPlatform implementation: [org.hibernate.engine.transaction.jta.platform.internal.NoJtaPlatform]
2021-10-14 09:29:37.071  INFO 8620 --- [restartedMain] j.LocalContainerEntityManagerFactoryBean : Initialized JPA EntityManagerFactory for persistence unit 'default'
2021-10-14 09:29:38.462  WARN 8620 --- [restartedMain] JpaBaseConfiguration$JpaWebConfiguration : spring.jpa.open-in-view is enabled by default. Therefore, database queries may be performed during view rendering. Explicitly configure spring.jpa.open-in-view to disable this warning
2021-10-14 09:29:38.883  INFO 8620 --- [restartedMain] pertySourcedRequestMappingHandlerMapping : Mapped URL path [/v2/api-docs] onto method [springfox.documentation.swagger2.web.Swagger2Controller#getDocumentation(String, HttpServletRequest)]
2021-10-14 09:29:39.167  INFO 8620 --- [restartedMain] o.s.b.d.a.OptionalLiveReloadServer       : LiveReload server is running on port 35729
2021-10-14 09:29:39.719  INFO 8620 --- [restartedMain] o.s.b.w.embedded.tomcat.TomcatWebServer  : Tomcat started on port(s): 8082 (http) with context path ''
2021-10-14 09:29:39.721  INFO 8620 --- [restartedMain] d.s.w.p.DocumentationPluginsBootstrapper : Context refreshed
2021-10-14 09:29:39.801  INFO 8620 --- [restartedMain] d.s.w.p.DocumentationPluginsBootstrapper : Found 1 custom documentation plugin(s)
2021-10-14 09:29:39.947  INFO 8620 --- [restartedMain] s.d.s.w.s.ApiListingReferenceScanner     : Scanning for api listing references
2021-10-14 09:29:40.434  INFO 8620 --- [restartedMain] .d.s.w.r.o.CachingOperationNameGenerator : Generating unique operation named: deleteComplaintUsingDELETE_1
2021-10-14 09:29:40.437  INFO 8620 --- [restartedMain] .d.s.w.r.o.CachingOperationNameGenerator : Generating unique operation named: getAllComplaintUsingGET_1
2021-10-14 09:29:40.439  INFO 8620 --- [restartedMain] .d.s.w.r.o.CachingOperationNameGenerator : Generating unique operation named: getAllCourseUsingGET_1
2021-10-14 09:29:40.444  INFO 8620 --- [restartedMain] .d.s.w.r.o.CachingOperationNameGenerator : Generating unique operation named: getAllNoticeUsingGET_1
2021-10-14 09:29:40.446  INFO 8620 --- [restartedMain] .d.s.w.r.o.CachingOperationNameGenerator : Generating unique operation named: getAllStudyMaterialUsingGET_1
2021-10-14 09:29:40.448  INFO 8620 --- [restartedMain] .d.s.w.r.o.CachingOperationNameGenerator : Generating unique operation named: getComplaintByIdUsingGET_1
2021-10-14 09:29:40.460  INFO 8620 --- [restartedMain] .d.s.w.r.o.CachingOperationNameGenerator : Generating unique operation named: getNoticeByIdUsingGET_1
2021-10-14 09:29:40.464  INFO 8620 --- [restartedMain] .d.s.w.r.o.CachingOperationNameGenerator : Generating unique operation named: getStudyMaterialByIdUsingGET_1
2021-10-14 09:29:40.508  INFO 8620 --- [restartedMain] .d.s.w.r.o.CachingOperationNameGenerator : Generating unique operation named: deleteStudyMaterialUsingDELETE_1
2021-10-14 09:29:40.510  INFO 8620 --- [restartedMain] .d.s.w.r.o.CachingOperationNameGenerator : Generating unique operation named: getAllCourseUsingGET_2
2021-10-14 09:29:40.513  INFO 8620 --- [restartedMain] .d.s.w.r.o.CachingOperationNameGenerator : Generating unique operation named: getAllHomeworkUsingGET_1
2021-10-14 09:29:40.515  INFO 8620 --- [restartedMain] .d.s.w.r.o.CachingOperationNameGenerator : Generating unique operation named: getAllNoticeUsingGET_2
2021-10-14 09:29:40.517  INFO 8620 --- [restartedMain] .d.s.w.r.o.CachingOperationNameGenerator : Generating unique operation named: getAllStudyMaterialUsingGET_2
2021-10-14 09:29:40.520  INFO 8620 --- [restartedMain] .d.s.w.r.o.CachingOperationNameGenerator : Generating unique operation named: getCourseByIdUsingGET_1
2021-10-14 09:29:40.523  INFO 8620 --- [restartedMain] .d.s.w.r.o.CachingOperationNameGenerator : Generating unique operation named: getHomeworkByIdUsingGET_1
2021-10-14 09:29:40.525  INFO 8620 --- [restartedMain] .d.s.w.r.o.CachingOperationNameGenerator : Generating unique operation named: getNoticeByIdUsingGET_2
2021-10-14 09:29:40.528  INFO 8620 --- [restartedMain] .d.s.w.r.o.CachingOperationNameGenerator : Generating unique operation named: getStudyMaterialByIdUsingGET_2
2021-10-14 09:29:40.534  INFO 8620 --- [restartedMain] .d.s.w.r.o.CachingOperationNameGenerator : Generating unique operation named: updateHomeworkUsingPUT_1
2021-10-14 09:29:40.742  INFO 8620 --- [restartedMain] com.cg.sprint.school.administration.App  : Started App in 14.637 seconds (JVM running for 16.639)
2021-10-14 09:29:40.745  INFO 8620 --- [restartedMain] com.cg.sprint.school.administration.App  : End
2021-10-14 09:49:47.801  INFO 8620 --- [http-nio-8082-exec-1] o.a.c.c.C.[Tomcat].[localhost].[/]       : Initializing Spring DispatcherServlet 'dispatcherServlet'
2021-10-14 09:49:47.801  INFO 8620 --- [http-nio-8082-exec-1] o.s.web.servlet.DispatcherServlet        : Initializing Servlet 'dispatcherServlet'
2021-10-14 09:49:47.802  INFO 8620 --- [http-nio-8082-exec-1] o.s.web.servlet.DispatcherServlet        : Completed initialization in 1 ms
2021-10-14 09:49:47.959  INFO 8620 --- [http-nio-8082-exec-2] c.c.s.s.a.controller.AdminController     : loginAdmin
2021-10-14 09:49:47.960  INFO 8620 --- [http-nio-8082-exec-2] c.c.s.s.a.service.AdminService           : login Admin
2021-10-14 09:49:47.960  INFO 8620 --- [http-nio-8082-exec-2] c.c.s.s.a.service.AdminService           : Admin [adminId=2, adminName=null, adminPassword=]
2021-10-14 09:49:48.092  INFO 8620 --- [http-nio-8082-exec-2] c.c.s.s.a.service.AdminService           : Admin [adminId=2, adminName=admin, adminPassword=root]
2021-10-14 09:49:48.093 ERROR 8620 --- [http-nio-8082-exec-2] c.c.s.s.a.e.CustomExceptionHandler       : handleIncorrectLoginCredentialsException
2021-10-14 09:49:48.097  WARN 8620 --- [http-nio-8082-exec-2] .m.m.a.ExceptionHandlerExceptionResolver : Resolved [com.cg.sprint.school.administration.exception.IncorrectLoginCredentialsException: Invalid user name or password.]
2021-10-14 09:49:54.947  INFO 8620 --- [http-nio-8082-exec-3] c.c.s.s.a.controller.AdminController     : loginAdmin
2021-10-14 09:49:54.947  INFO 8620 --- [http-nio-8082-exec-3] c.c.s.s.a.service.AdminService           : login Admin
2021-10-14 09:49:54.948  INFO 8620 --- [http-nio-8082-exec-3] c.c.s.s.a.service.AdminService           : Admin [adminId=2, adminName=null, adminPassword=root]
2021-10-14 09:49:54.949  INFO 8620 --- [http-nio-8082-exec-3] c.c.s.s.a.service.AdminService           : Admin [adminId=2, adminName=admin, adminPassword=root]
2021-10-14 09:49:54.949  INFO 8620 --- [http-nio-8082-exec-3] c.c.s.s.a.service.AdminService           : Admin [adminId=2, adminName=null, adminPassword=root]
2021-10-14 09:49:54.949  INFO 8620 --- [http-nio-8082-exec-3] c.c.s.s.a.service.AdminService           : Admin [adminId=2, adminName=admin, adminPassword=root]
2021-10-14 09:52:16.584  INFO 8620 --- [http-nio-8082-exec-5] c.c.s.s.a.controller.StudentController   : getAllComplaint
2021-10-14 09:52:16.585  INFO 8620 --- [http-nio-8082-exec-5] c.c.s.s.a.service.StudentService         : getAllCompalint
2021-10-14 09:53:11.108  INFO 8620 --- [http-nio-8082-exec-6] c.c.s.s.a.controller.AdminController     : getAllDep
2021-10-14 09:53:11.108  INFO 8620 --- [http-nio-8082-exec-6] c.c.s.s.a.service.AdminService           : getAllAdmin
2021-10-14 09:55:06.663  INFO 8620 --- [http-nio-8082-exec-8] c.c.s.s.a.controller.AdminController     : getAdmin
2021-10-14 09:55:06.664  INFO 8620 --- [http-nio-8082-exec-8] c.c.s.s.a.service.AdminService           : getAdminById 1
2021-10-14 09:55:08.875  INFO 8620 --- [http-nio-8082-exec-9] c.c.s.s.a.controller.AdminController     : getAdmin
2021-10-14 09:55:08.875  INFO 8620 --- [http-nio-8082-exec-9] c.c.s.s.a.service.AdminService           : getAdminById 2
